  Blind.cpp
  Box.cpp
  Button.cpp
C:\Users\User\Documents\GitHub\SDLGame\SDLGameProject\SDLGameProject\Blind.cpp(2,10): error C1083: 포함 파일을 열 수 없습니다. 'SDL.h': No such file or directory
C:\Users\User\Documents\GitHub\SDLGame\SDLGameProject\SDLGameProject\Box.cpp(1,1): warning C4819: 현재 코드 페이지(949)에서 표시할 수 없는 문자가 파일에 들어 있습니다. 데이터가 손실되지 않게 하려면 해당 파일을 유니코드 형식으로 저장하십시오.
C:\Users\User\Documents\GitHub\SDLGame\SDLGameProject\SDLGameProject\Box.cpp(3,10): error C1083: 포함 파일을 열 수 없습니다. 'SDL.h': No such file or directory
C:\Users\User\Documents\GitHub\SDLGame\SDLGameProject\SDLGameProject\Terrain.h(2,10): error C1083: 포함 파일을 열 수 없습니다. 'SDL.h': No such file or directory
  Cat.cpp
C:\Users\User\Documents\GitHub\SDLGame\SDLGameProject\SDLGameProject\Terrain.h(2,10): error C1083: 포함 파일을 열 수 없습니다. 'SDL.h': No such file or directory
  CatAnimation.cpp
C:\Users\User\Documents\GitHub\SDLGame\SDLGameProject\SDLGameProject\CatAnimation.h(3,10): error C1083: 포함 파일을 열 수 없습니다. 'SDL.h': No such file or directory
  Cushion.cpp
C:\Users\User\Documents\GitHub\SDLGame\SDLGameProject\SDLGameProject\Terrain.h(2,10): error C1083: 포함 파일을 열 수 없습니다. 'SDL.h': No such file or directory
  Dog.cpp
C:\Users\User\Documents\GitHub\SDLGame\SDLGameProject\SDLGameProject\Dog.cpp(1,1): warning C4819: 현재 코드 페이지(949)에서 표시할 수 없는 문자가 파일에 들어 있습니다. 데이터가 손실되지 않게 하려면 해당 파일을 유니코드 형식으로 저장하십시오.
C:\Users\User\Documents\GitHub\SDLGame\SDLGameProject\SDLGameProject\Terrain.h(2,10): error C1083: 포함 파일을 열 수 없습니다. 'SDL.h': No such file or directory
  DogAnimation.cpp
C:\Users\User\Documents\GitHub\SDLGame\SDLGameProject\SDLGameProject\DogAnimation.h(3,10): error C1083: 포함 파일을 열 수 없습니다. 'SDL.h': No such file or directory
  FadeFloor.cpp
C:\Users\User\Documents\GitHub\SDLGame\SDLGameProject\SDLGameProject\FadeFloor.cpp(1,1): warning C4819: 현재 코드 페이지(949)에서 표시할 수 없는 문자가 파일에 들어 있습니다. 데이터가 손실되지 않게 하려면 해당 파일을 유니코드 형식으로 저장하십시오.
C:\Users\User\Documents\GitHub\SDLGame\SDLGameProject\SDLGameProject\Terrain.h(2,10): error C1083: 포함 파일을 열 수 없습니다. 'SDL.h': No such file or directory
  FinishGame.cpp
C:\Users\User\Documents\GitHub\SDLGame\SDLGameProject\SDLGameProject\Game.h(4,10): error C1083: 포함 파일을 열 수 없습니다. 'SDL.h': No such file or directory
  Game.cpp
C:\Users\User\Documents\GitHub\SDLGame\SDLGameProject\SDLGameProject\Game.h(4,10): error C1083: 포함 파일을 열 수 없습니다. 'SDL.h': No such file or directory
  GameClear.cpp
C:\Users\User\Documents\GitHub\SDLGame\SDLGameProject\SDLGameProject\GameClear.cpp(1,1): warning C4819: 현재 코드 페이지(949)에서 표시할 수 없는 문자가 파일에 들어 있습니다. 데이터가 손실되지 않게 하려면 해당 파일을 유니코드 형식으로 저장하십시오.
C:\Users\User\Documents\GitHub\SDLGame\SDLGameProject\SDLGameProject\GameClear.cpp(2,10): error C1083: 포함 파일을 열 수 없습니다. 'SDL.h': No such file or directory
  GameEnding.cpp
C:\Users\User\Documents\GitHub\SDLGame\SDLGameProject\SDLGameProject\Game.h(4,10): error C1083: 포함 파일을 열 수 없습니다. 'SDL.h': No such file or directory
  GameESC.cpp
C:\Users\User\Documents\GitHub\SDLGame\SDLGameProject\SDLGameProject\GameESC.cpp(2,10): error C1083: 포함 파일을 열 수 없습니다. 'SDL.h': No such file or directory
  GameIntro.cpp
C:\Users\User\Documents\GitHub\SDLGame\SDLGameProject\SDLGameProject\Game.h(4,10): error C1083: 포함 파일을 열 수 없습니다. 'SDL.h': No such file or directory
  GameManual.cpp
C:\Users\User\Documents\GitHub\SDLGame\SDLGameProject\SDLGameProject\Game.h(4,10): error C1083: 포함 파일을 열 수 없습니다. 'SDL.h': No such file or directory
  GameOver.cpp
C:\Users\User\Documents\GitHub\SDLGame\SDLGameProject\SDLGameProject\GameOver.cpp(2,10): error C1083: 포함 파일을 열 수 없습니다. 'SDL.h': No such file or directory
  Key.cpp
C:\Users\User\Documents\GitHub\SDLGame\SDLGameProject\SDLGameProject\Key.cpp(2,10): error C1083: 포함 파일을 열 수 없습니다. 'SDL.h': No such file or directory
  Liquid.cpp
C:\Users\User\Documents\GitHub\SDLGame\SDLGameProject\SDLGameProject\Liquid.cpp(1,10): error C1083: 포함 파일을 열 수 없습니다. 'SDL.h': No such file or directory
  LiquidWall.cpp
C:\Users\User\Documents\GitHub\SDLGame\SDLGameProject\SDLGameProject\LiquidWall.h(2,10): error C1083: 포함 파일을 열 수 없습니다. 'SDL.h': No such file or directory
  코드를 생성하고 있습니다...
  컴파일하고 있습니다...
  Map2.cpp
C:\Users\User\Documents\GitHub\SDLGame\SDLGameProject\SDLGameProject\Map2.cpp(2,10): error C1083: 포함 파일을 열 수 없습니다. 'SDL.h': No such file or directory
  Map3.cpp
C:\Users\User\Documents\GitHub\SDLGame\SDLGameProject\SDLGameProject\Map3.cpp(2,10): error C1083: 포함 파일을 열 수 없습니다. 'SDL.h': No such file or directory
  Map4.cpp
C:\Users\User\Documents\GitHub\SDLGame\SDLGameProject\SDLGameProject\Map4.cpp(1,1): warning C4819: 현재 코드 페이지(949)에서 표시할 수 없는 문자가 파일에 들어 있습니다. 데이터가 손실되지 않게 하려면 해당 파일을 유니코드 형식으로 저장하십시오.
C:\Users\User\Documents\GitHub\SDLGame\SDLGameProject\SDLGameProject\Map4.cpp(2,10): error C1083: 포함 파일을 열 수 없습니다. 'SDL.h': No such file or directory
  Map5.cpp
C:\Users\User\Documents\GitHub\SDLGame\SDLGameProject\SDLGameProject\Map5.cpp(2,10): error C1083: 포함 파일을 열 수 없습니다. 'SDL.h': No such file or directory
  Map6.cpp
C:\Users\User\Documents\GitHub\SDLGame\SDLGameProject\SDLGameProject\Map6.cpp(1,1): warning C4819: 현재 코드 페이지(949)에서 표시할 수 없는 문자가 파일에 들어 있습니다. 데이터가 손실되지 않게 하려면 해당 파일을 유니코드 형식으로 저장하십시오.
C:\Users\User\Documents\GitHub\SDLGame\SDLGameProject\SDLGameProject\Map6.cpp(2,10): error C1083: 포함 파일을 열 수 없습니다. 'SDL.h': No such file or directory
  misile.cpp
C:\Users\User\Documents\GitHub\SDLGame\SDLGameProject\SDLGameProject\misile.cpp(1,1): warning C4819: 현재 코드 페이지(949)에서 표시할 수 없는 문자가 파일에 들어 있습니다. 데이터가 손실되지 않게 하려면 해당 파일을 유니코드 형식으로 저장하십시오.
C:\Users\User\Documents\GitHub\SDLGame\SDLGameProject\SDLGameProject\misile.cpp(3,10): error C1083: 포함 파일을 열 수 없습니다. 'SDL.h': No such file or directory
  Seesaw.cpp
C:\Users\User\Documents\GitHub\SDLGame\SDLGameProject\SDLGameProject\Seesaw.h(2,10): error C1083: 포함 파일을 열 수 없습니다. 'SDL_image.h': No such file or directory
  Stage.cpp
C:\Users\User\Documents\GitHub\SDLGame\SDLGameProject\SDLGameProject\Stage.cpp(1,1): warning C4819: 현재 코드 페이지(949)에서 표시할 수 없는 문자가 파일에 들어 있습니다. 데이터가 손실되지 않게 하려면 해당 파일을 유니코드 형식으로 저장하십시오.
C:\Users\User\Documents\GitHub\SDLGame\SDLGameProject\SDLGameProject\Game.h(4,10): error C1083: 포함 파일을 열 수 없습니다. 'SDL.h': No such file or directory
  Main.cpp
C:\Users\User\Documents\GitHub\SDLGame\SDLGameProject\SDLGameProject\Game.h(4,10): error C1083: 포함 파일을 열 수 없습니다. 'SDL.h': No such file or directory
  Map1.cpp
C:\Users\User\Documents\GitHub\SDLGame\SDLGameProject\SDLGameProject\Map1.cpp(1,1): warning C4819: 현재 코드 페이지(949)에서 표시할 수 없는 문자가 파일에 들어 있습니다. 데이터가 손실되지 않게 하려면 해당 파일을 유니코드 형식으로 저장하십시오.
C:\Users\User\Documents\GitHub\SDLGame\SDLGameProject\SDLGameProject\Map1.cpp(2,10): error C1083: 포함 파일을 열 수 없습니다. 'SDL.h': No such file or directory
  Pet.cpp
C:\Users\User\Documents\GitHub\SDLGame\SDLGameProject\SDLGameProject\Pet.cpp(1,1): warning C4819: 현재 코드 페이지(949)에서 표시할 수 없는 문자가 파일에 들어 있습니다. 데이터가 손실되지 않게 하려면 해당 파일을 유니코드 형식으로 저장하십시오.
C:\Users\User\Documents\GitHub\SDLGame\SDLGameProject\SDLGameProject\Terrain.h(2,10): error C1083: 포함 파일을 열 수 없습니다. 'SDL.h': No such file or directory
  SwellingLiquid.cpp
C:\Users\User\Documents\GitHub\SDLGame\SDLGameProject\SDLGameProject\SwellingLiquid.cpp(1,10): error C1083: 포함 파일을 열 수 없습니다. 'SDL.h': No such file or directory
  Terrain.cpp
C:\Users\User\Documents\GitHub\SDLGame\SDLGameProject\SDLGameProject\Terrain.h(2,10): error C1083: 포함 파일을 열 수 없습니다. 'SDL.h': No such file or directory
  코드를 생성하고 있습니다...
