c:\users\user\documents\github\sdlgame\sdlgameproject\sdlgameproject\x64\release\vc142.pdb
c:\users\user\documents\github\sdlgame\sdlgameproject\sdlgameproject\x64\release\liquidwall.obj
c:\users\user\documents\github\sdlgame\sdlgameproject\sdlgameproject\x64\release\liquid.obj
c:\users\user\documents\github\sdlgame\sdlgameproject\sdlgameproject\x64\release\key.obj
c:\users\user\documents\github\sdlgame\sdlgameproject\sdlgameproject\x64\release\gameover.obj
c:\users\user\documents\github\sdlgame\sdlgameproject\sdlgameproject\x64\release\gamemanual.obj
c:\users\user\documents\github\sdlgame\sdlgameproject\sdlgameproject\x64\release\gameintro.obj
c:\users\user\documents\github\sdlgame\sdlgameproject\sdlgameproject\x64\release\gameesc.obj
c:\users\user\documents\github\sdlgame\sdlgameproject\sdlgameproject\x64\release\gameending.obj
c:\users\user\documents\github\sdlgame\sdlgameproject\sdlgameproject\x64\release\gameclear.obj
c:\users\user\documents\github\sdlgame\sdlgameproject\sdlgameproject\x64\release\game.obj
c:\users\user\documents\github\sdlgame\sdlgameproject\sdlgameproject\x64\release\finishgame.obj
c:\users\user\documents\github\sdlgame\sdlgameproject\sdlgameproject\x64\release\fadefloor.obj
c:\users\user\documents\github\sdlgame\sdlgameproject\sdlgameproject\x64\release\doganimation.obj
c:\users\user\documents\github\sdlgame\sdlgameproject\sdlgameproject\x64\release\dog.obj
c:\users\user\documents\github\sdlgame\sdlgameproject\sdlgameproject\x64\release\cushion.obj
c:\users\user\documents\github\sdlgame\sdlgameproject\sdlgameproject\x64\release\catanimation.obj
c:\users\user\documents\github\sdlgame\sdlgameproject\sdlgameproject\x64\release\cat.obj
c:\users\user\documents\github\sdlgame\sdlgameproject\sdlgameproject\x64\release\button.obj
c:\users\user\documents\github\sdlgame\sdlgameproject\sdlgameproject\x64\release\box.obj
c:\users\user\documents\github\sdlgame\sdlgameproject\sdlgameproject\x64\release\blind.obj
c:\users\user\documents\github\sdlgame\sdlgameproject\sdlgameproject\x64\release\terrain.obj
c:\users\user\documents\github\sdlgame\sdlgameproject\sdlgameproject\x64\release\swellingliquid.obj
c:\users\user\documents\github\sdlgame\sdlgameproject\sdlgameproject\x64\release\pet.obj
c:\users\user\documents\github\sdlgame\sdlgameproject\sdlgameproject\x64\release\main.obj
c:\users\user\documents\github\sdlgame\sdlgameproject\sdlgameproject\x64\release\stage.obj
c:\users\user\documents\github\sdlgame\sdlgameproject\sdlgameproject\x64\release\misile.obj
c:\users\user\documents\github\sdlgame\sdlgameproject\sdlgameproject\x64\release\map6.obj
c:\users\user\documents\github\sdlgame\sdlgameproject\sdlgameproject\x64\release\map5.obj
c:\users\user\documents\github\sdlgame\sdlgameproject\sdlgameproject\x64\release\map4.obj
c:\users\user\documents\github\sdlgame\sdlgameproject\sdlgameproject\x64\release\map3.obj
c:\users\user\documents\github\sdlgame\sdlgameproject\sdlgameproject\x64\release\map2.obj
c:\users\user\documents\github\sdlgame\sdlgameproject\sdlgameproject\x64\release\map1.obj
c:\users\user\documents\github\sdlgame\sdlgameproject\x64\release\sdlgameproject.exe
c:\users\user\documents\github\sdlgame\sdlgameproject\sdlgameproject\x64\release\sdlgameproject.ipdb
c:\users\user\documents\github\sdlgame\sdlgameproject\sdlgameproject\x64\release\sdlgameproject.iobj
c:\users\user\documents\github\sdlgame\sdlgameproject\x64\release\sdlgameproject.pdb
c:\users\user\documents\github\sdlgame\sdlgameproject\sdlgameproject\x64\release\sdlgameproject.tlog\cl.command.1.tlog
c:\users\user\documents\github\sdlgame\sdlgameproject\sdlgameproject\x64\release\sdlgameproject.tlog\cl.read.1.tlog
c:\users\user\documents\github\sdlgame\sdlgameproject\sdlgameproject\x64\release\sdlgameproject.tlog\cl.write.1.tlog
c:\users\user\documents\github\sdlgame\sdlgameproject\sdlgameproject\x64\release\sdlgameproject.tlog\link.command.1.tlog
c:\users\user\documents\github\sdlgame\sdlgameproject\sdlgameproject\x64\release\sdlgameproject.tlog\link.read.1.tlog
c:\users\user\documents\github\sdlgame\sdlgameproject\sdlgameproject\x64\release\sdlgameproject.tlog\link.write.1.tlog
